<?xml version="1.0" encoding="UTF-8" ?>
<testsuite tests="0" failures="0" name="artifactory.test.AppTest" time="0" errors="0" skipped="0">
  <properties>
    <property name="java.vendor" value="AdoptOpenJDK"/>
    <property name="JOB_NAME" value="maven-example"/>
    <property name="PWD" value="/Users/andreyg/Downloads"/>
    <property name="RUN_TESTS_DISPLAY_URL" value="http://localhost:8080/job/maven-example/6/display/redirect?page=tests"/>
    <property name="sun.java.launcher" value="SUN_STANDARD"/>
    <property name="sun.management.compiler" value="HotSpot 64-Bit Tiered Compilers"/>
    <property name="JENKINS_HOME" value="/Users/andreyg/.jenkins"/>
    <property name="PATH" value="/usr/local/bin:/usr/bin:/bin:/usr/sbin:/sbin"/>
    <property name="HUDSON_SERVER_COOKIE" value="67e65e2773f89a07"/>
    <property name="POM_ARTIFACTID" value="multi"/>
    <property name="os.name" value="Mac OS X"/>
    <property name="TERM_PROGRAM" value="iTerm.app"/>
    <property name="sun.boot.class.path" value="/Library/Java/JavaVirtualMachines/adoptopenjdk-8.jdk/Contents/Home/jre/lib/resources.jar:/Library/Java/JavaVirtualMachines/adoptopenjdk-8.jdk/Contents/Home/jre/lib/rt.jar:/Library/Java/JavaVirtualMachines/adoptopenjdk-8.jdk/Contents/Home/jre/lib/sunrsasign.jar:/Library/Java/JavaVirtualMachines/adoptopenjdk-8.jdk/Contents/Home/jre/lib/jsse.jar:/Library/Java/JavaVirtualMachines/adoptopenjdk-8.jdk/Contents/Home/jre/lib/jce.jar:/Library/Java/JavaVirtualMachines/adoptopenjdk-8.jdk/Contents/Home/jre/lib/charsets.jar:/Library/Java/JavaVirtualMachines/adoptopenjdk-8.jdk/Contents/Home/jre/lib/jfr.jar:/Library/Java/JavaVirtualMachines/adoptopenjdk-8.jdk/Contents/Home/jre/classes"/>
    <property name="EXECUTOR_NUMBER" value="0"/>
    <property name="TERM_SESSION_ID" value="w0t0p0:0DEB5989-CE05-415D-8620-C6D6C03E9EEE"/>
    <property name="COLORFGBG" value="7;0"/>
    <property name="java.vm.specification.vendor" value="Oracle Corporation"/>
    <property name="POM_DISPLAYNAME" value="Simple Multi Modules Build"/>
    <property name="NODE_LABELS" value="master"/>
    <property name="java.runtime.version" value="1.8.0_265-b01"/>
    <property name="user.name" value="andreyg"/>
    <property name="guice.disable.misplaced.annotation.check" value="true"/>
    <property name="extractor.used" value="true"/>
    <property name="user.language" value="en"/>
    <property name="JOB_BASE_NAME" value="maven-example"/>
    <property name="RUN_CHANGES_DISPLAY_URL" value="http://localhost:8080/job/maven-example/6/display/redirect?page=changes"/>
    <property name="BUILD_DISPLAY_NAME" value="#6"/>
    <property name="TMPDIR" value="/var/folders/hz/4hkz4fw957bbtrjh3b_pr_lh0000gn/T/"/>
    <property name="sun.boot.library.path" value="/Library/Java/JavaVirtualMachines/adoptopenjdk-8.jdk/Contents/Home/jre/lib"/>
    <property name="java.version" value="1.8.0_265"/>
    <property name="XPC_FLAGS" value="0x0"/>
    <property name="user.timezone" value="Asia/Jerusalem"/>
    <property name="sun.arch.data.model" value="64"/>
    <property name="NODE_NAME" value="master"/>
    <property name="TERM" value="xterm-256color"/>
    <property name="java.endorsed.dirs" value="/Library/Java/JavaVirtualMachines/adoptopenjdk-8.jdk/Contents/Home/jre/lib/endorsed"/>
    <property name="BUILD_ID" value="6"/>
    <property name="sun.cpu.isalist" value=""/>
    <property name="sun.jnu.encoding" value="UTF-8"/>
    <property name="file.encoding.pkg" value="sun.io"/>
    <property name="SHELL" value="/bin/zsh"/>
    <property name="file.separator" value="/"/>
    <property name="java.specification.name" value="Java Platform API Specification"/>
    <property name="maven.conf" value="/Users/andreyg/.jenkins/tools/hudson.tasks.Maven_MavenInstallation/3.6.3/conf"/>
    <property name="java.class.version" value="52.0"/>
    <property name="org.slf4j.simpleLogger.defaultLogLevel" value="info"/>
    <property name="user.country" value="IL"/>
    <property name="java.home" value="/Library/Java/JavaVirtualMachines/adoptopenjdk-8.jdk/Contents/Home/jre"/>
    <property name="java.vm.info" value="mixed mode"/>
    <property name="os.version" value="10.15.6"/>
    <property name="RUN_DISPLAY_URL" value="http://localhost:8080/job/maven-example/6/display/redirect"/>
    <property name="POM_VERSION" value="3.7-SNAPSHOT"/>
    <property name="sun.font.fontmanager" value="sun.font.CFontManager"/>
    <property name="RUN_ARTIFACTS_DISPLAY_URL" value="http://localhost:8080/job/maven-example/6/display/redirect?page=artifacts"/>
    <property name="path.separator" value=":"/>
    <property name="java.vm.version" value="25.265-b01"/>
    <property name="JOB_DISPLAY_URL" value="http://localhost:8080/job/maven-example/display/redirect"/>
    <property name="SHLVL" value="1"/>
    <property name="_" value="/usr/bin/java"/>
    <property name="java.awt.printerjob" value="sun.lwawt.macosx.CPrinterJob"/>
    <property name="JAVA_HOME" value="/Library/Java/JavaVirtualMachines/adoptopenjdk-8.jdk/Contents/Home"/>
    <property name="sun.io.unicode.encoding" value="UnicodeBig"/>
    <property name="awt.toolkit" value="sun.lwawt.macosx.LWCToolkit"/>
    <property name="LOGNAME" value="andreyg"/>
    <property name="POM_PACKAGING" value="pom"/>
    <property name="HOME" value="/Users/andreyg"/>
    <property name="LC_TERMINAL_VERSION" value="3.3.12"/>
    <property name="POM_GROUPID" value="org.jfrog.test"/>
    <property name="user.home" value="/Users/andreyg"/>
    <property name="BUILD_TAG" value="jenkins-maven-example-6"/>
    <property name="JENKINS_SERVER_COOKIE" value="67e65e2773f89a07"/>
    <property name="HUDSON_URL" value="http://localhost:8080/"/>
    <property name="XPC_SERVICE_NAME" value="0"/>
    <property name="java.specification.vendor" value="Oracle Corporation"/>
    <property name="CLASSPATH" value=""/>
    <property name="java.vendor.url" value="http://java.oracle.com/"/>
    <property name="java.library.path" value="/Users/andreyg/Library/Java/Extensions:/Library/Java/Extensions:/Network/Library/Java/Extensions:/System/Library/Java/Extensions:/usr/lib/java:."/>
    <property name="LC_TERMINAL" value="iTerm2"/>
    <property name="gopherProxySet" value="false"/>
    <property name="java.vm.vendor" value="AdoptOpenJDK"/>
    <property name="java.runtime.name" value="OpenJDK Runtime Environment"/>
    <property name="maven.home" value="/Users/andreyg/.jenkins/tools/hudson.tasks.Maven_MavenInstallation/3.6.3"/>
    <property name="java.class.path" value="/Users/andreyg/.jenkins/plugins/maven-plugin/WEB-INF/lib/maven35-agent-1.13.jar:/Users/andreyg/.jenkins/tools/hudson.tasks.Maven_MavenInstallation/3.6.3/boot/plexus-classworlds-2.6.0.jar:/Users/andreyg/.jenkins/tools/hudson.tasks.Maven_MavenInstallation/3.6.3/conf/logging"/>
    <property name="sun.java.command" value="jenkins.maven3.agent.Maven35Main /Users/andreyg/.jenkins/tools/hudson.tasks.Maven_MavenInstallation/3.6.3 /Users/andreyg/.jenkins/war/WEB-INF/lib/remoting-4.5.jar /Users/andreyg/.jenkins/plugins/maven-plugin/WEB-INF/lib/maven35-interceptor-1.13.jar /Users/andreyg/.jenkins/plugins/maven-plugin/WEB-INF/lib/maven3-interceptor-commons-1.13.jar 57665"/>
    <property name="java.vm.specification.name" value="Java Virtual Machine Specification"/>
    <property name="java.vm.specification.version" value="1.8"/>
    <property name="sun.os.patch.level" value="unknown"/>
    <property name="sun.cpu.endian" value="little"/>
    <property name="M2_HOME" value="/Users/andreyg/.jenkins/tools/hudson.tasks.Maven_MavenInstallation/3.6.3"/>
    <property name="java.io.tmpdir" value="/var/folders/hz/4hkz4fw957bbtrjh3b_pr_lh0000gn/T/"/>
    <property name="HUDSON_HOME" value="/Users/andreyg/.jenkins"/>
    <property name="PATH+MAVEN" value="/Users/andreyg/.jenkins/tools/hudson.tasks.Maven_MavenInstallation/3.6.3/bin"/>
    <property name="BUILD_URL" value="http://localhost:8080/job/maven-example/6/"/>
    <property name="java.vendor.url.bug" value="http://bugreport.sun.com/bugreport/"/>
    <property name="OLDPWD" value="/Users/andreyg"/>
    <property name="buildInfoConfig.propertiesFile" value="/Users/andreyg/.jenkins/workspace/maven-example@tmp/artifactory/buildInfo6121331586617231036.properties"/>
    <property name="ITERM_PROFILE" value="Default"/>
    <property name="SSH_AUTH_SOCK" value="/private/tmp/com.apple.launchd.OhybTEX3ja/Listeners"/>
    <property name="LC_CTYPE" value="UTF-8"/>
    <property name="java.awt.graphicsenv" value="sun.awt.CGraphicsEnvironment"/>
    <property name="os.arch" value="x86_64"/>
    <property name="java.ext.dirs" value="/Users/andreyg/Library/Java/Extensions:/Library/Java/JavaVirtualMachines/adoptopenjdk-8.jdk/Contents/Home/jre/lib/ext:/Library/Java/Extensions:/Network/Library/Java/Extensions:/System/Library/Java/Extensions:/usr/lib/java"/>
    <property name="__CF_USER_TEXT_ENCODING" value="0x1F5:0x0:0x0"/>
    <property name="user.dir" value="/Users/andreyg/Downloads/project-examples-master/maven-example"/>
    <property name="JOB_URL" value="http://localhost:8080/job/maven-example/"/>
    <property name="line.separator" value="
"/>
    <property name="MAVEN_HOME" value="/Users/andreyg/.jenkins/tools/hudson.tasks.Maven_MavenInstallation/3.6.3"/>
    <property name="java.vm.name" value="OpenJDK 64-Bit Server VM"/>
    <property name="BUILD_NUMBER" value="6"/>
    <property name="JENKINS_URL" value="http://localhost:8080/"/>
    <property name="TERM_PROGRAM_VERSION" value="3.3.12"/>
    <property name="COLORTERM" value="truecolor"/>
    <property name="ITERM_SESSION_ID" value="w0t0p0:0DEB5989-CE05-415D-8620-C6D6C03E9EEE"/>
    <property name="file.encoding" value="UTF-8"/>
    <property name="maven3.interceptor" value="/Users/andreyg/.jenkins/plugins/maven-plugin/WEB-INF/lib/maven35-interceptor-1.13.jar"/>
    <property name="WORKSPACE_TMP" value="/Users/andreyg/.jenkins/workspace/maven-example@tmp"/>
    <property name="WORKSPACE" value="/Users/andreyg/.jenkins/workspace/maven-example"/>
    <property name="maven3.interceptor.common" value="/Users/andreyg/.jenkins/plugins/maven-plugin/WEB-INF/lib/maven3-interceptor-commons-1.13.jar"/>
    <property name="java.specification.version" value="1.8"/>
    <property name="JAVA_MAIN_CLASS_10219" value="Main"/>
    <property name="USER" value="andreyg"/>
  </properties>
</testsuite>